TN:
SF:src/config/db.ts
FNF:1
FNH:1
DA:1,38
DA:2,49
DA:3,58
DA:5,31
DA:7,46
DA:8,46
DA:10,49
LF:7
LH:7
end_of_record
TN:
SF:src/config/env.ts
FNF:1
FNH:1
DA:1,31
DA:2,33
DA:4,19
DA:5,29
DA:6,19
DA:7,23
DA:8,25
DA:9,27
DA:10,31
DA:11,27
DA:12,31
DA:13,43
DA:14,27
DA:15,27
DA:16,27
DA:17,23
DA:19,20
DA:20,6
DA:21,61
DA:22,1
LF:20
LH:20
end_of_record
TN:
SF:src/config/logger.ts
FNF:5
FNH:4
DA:5,15
DA:6,18
DA:7,19
DA:8,19
DA:9,20
DA:10,18
DA:11,19
DA:12,19
DA:13,2
DA:15,21
DA:16,51
DA:17,50
DA:18,50
DA:19,49
DA:20,2
DA:22,0
DA:23,0
DA:24,0
DA:25,2
DA:28,48
DA:29,41
DA:30,6
DA:31,0
DA:33,0
DA:34,0
DA:35,0
DA:37,0
DA:39,2
DA:42,24
DA:43,69
DA:44,67
DA:45,65
DA:46,1
LF:33
LH:25
end_of_record
TN:
SF:src/core/container.ts
FNF:4
FNH:3
DA:3,21
DA:4,44
DA:5,43
DA:7,52
DA:8,78
DA:11,33
DA:12,90
DA:13,37
DA:15,31
DA:16,9
DA:18,92
DA:19,34
DA:20,65
DA:21,9
DA:24,62
DA:25,80
DA:26,37
DA:29,21
DA:30,53
DA:32,2
DA:34,78
DA:36,48
DA:37,80
DA:38,64
DA:39,64
DA:40,56
DA:41,64
DA:42,84
DA:43,64
DA:44,80
DA:45,52
DA:46,3
LF:32
LH:32
end_of_record
TN:
SF:src/database/schema.ts
FNF:1
FNH:0
DA:1,81
DA:3,41
DA:5,32
DA:6,9
DA:7,3
DA:8,72
DA:9,74
DA:10,26
DA:11,39
DA:12,23
DA:13,1
DA:14,0
DA:15,0
DA:16,0
DA:17,0
DA:20,2
LF:16
LH:12
end_of_record
TN:
SF:src/errors/base.ts
FNF:2
FNH:1
DA:3,1
DA:5,127
DA:6,38
DA:7,76
DA:8,66
DA:9,42
DA:10,104
DA:13,0
DA:14,0
DA:15,0
DA:16,0
DA:17,0
DA:18,0
DA:19,0
DA:20,0
DA:21,0
DA:22,0
DA:23,0
DA:24,7
DA:26,1
LF:20
LH:9
end_of_record
TN:
SF:src/errors/command.ts
FNF:1
FNH:0
DA:4,0
DA:5,0
DA:6,0
DA:7,0
DA:8,0
DA:9,0
DA:10,0
DA:11,0
DA:12,0
DA:13,0
DA:14,0
DA:15,0
DA:16,0
DA:17,0
DA:18,0
DA:19,28
DA:21,1
LF:17
LH:2
end_of_record
TN:
SF:src/errors/http.ts
FNF:2
FNH:2
DA:5,127
DA:7,84
DA:8,13
DA:9,124
DA:10,84
DA:11,66
DA:12,60
DA:13,10
DA:14,190
DA:16,1
LF:10
LH:10
end_of_record
TN:
SF:src/errors/metadata.ts
FNF:2
FNH:2
DA:4,113
DA:5,86
DA:7,2
DA:9,104
DA:10,13
DA:11,116
DA:12,98
DA:13,10
DA:14,117
DA:15,146
DA:17,1
LF:11
LH:11
end_of_record
TN:
SF:src/errors/network.ts
FNF:1
FNH:1
DA:4,13
DA:5,96
DA:6,120
DA:7,10
DA:8,184
DA:10,1
LF:6
LH:6
end_of_record
TN:
SF:src/errors/transcode.ts
FNF:4
FNH:1
DA:4,0
DA:5,0
DA:6,0
DA:7,0
DA:8,0
DA:9,72
DA:11,2
DA:13,114
DA:14,0
DA:15,52
DA:17,2
DA:19,102
DA:20,137
DA:21,152
DA:23,2
DA:25,106
DA:26,0
DA:27,55
DA:29,1
LF:19
LH:12
end_of_record
TN:
SF:src/errors/validation.ts
FNF:1
FNH:1
DA:6,89
DA:7,148
DA:9,1
LF:3
LH:3
end_of_record
TN:
SF:src/repositories/media.repository.ts
FNF:5
FNH:5
DA:1,50
DA:6,33
DA:7,56
DA:9,120
DA:11,78
DA:12,3
DA:13,19
DA:14,10
DA:15,19
DA:16,38
DA:17,8
DA:18,9
DA:19,5
DA:20,2
DA:21,22
DA:22,72
DA:23,45
DA:24,2
DA:26,53
DA:27,24
DA:28,9
DA:29,17
DA:30,71
DA:32,18
DA:35,68
DA:36,3
DA:37,9
DA:38,17
DA:39,33
DA:40,31
DA:41,24
DA:42,15
LF:32
LH:32
end_of_record
TN:
SF:src/services/cleanup.service.ts
FNF:7
FNH:7
DA:5,41
DA:6,53
DA:7,49
DA:9,23
DA:12,29
DA:14,32
DA:15,63
DA:16,63
DA:18,65
DA:19,66
DA:22,57
DA:23,41
DA:25,22
DA:27,45
DA:28,37
DA:29,29
DA:30,45
DA:31,37
DA:32,47
DA:33,4
DA:34,13
DA:35,62
DA:36,76
DA:37,8
DA:39,110
DA:40,70
DA:41,104
DA:42,6
DA:44,80
DA:45,80
DA:46,14
DA:47,43
DA:48,26
DA:49,30
DA:50,2
DA:51,8
DA:52,4
DA:53,0
DA:54,2
DA:56,2
DA:58,30
LF:41
LH:40
end_of_record
TN:
SF:src/services/dns.service.ts
FNF:5
FNH:5
DA:3,31
DA:4,53
DA:5,49
DA:7,59
DA:8,29
DA:10,16
DA:12,46
DA:13,71
DA:15,17
DA:16,55
DA:17,2
DA:19,69
DA:21,10
DA:22,0
DA:23,2
DA:25,31
DA:27,17
DA:28,59
DA:29,2
DA:31,57
DA:33,38
DA:34,6
DA:35,2
DA:37,69
DA:40,28
DA:41,49
DA:42,45
DA:43,3
DA:46,39
DA:47,14
LF:30
LH:29
end_of_record
TN:
SF:src/services/language.service.ts
FNF:3
FNH:3
DA:4,41
DA:5,53
DA:6,52
DA:8,48
DA:9,69
DA:11,132
DA:13,22
DA:14,86
DA:15,6
DA:16,2
DA:18,31
DA:19,81
DA:21,61
DA:23,68
DA:25,38
DA:26,58
DA:27,2
DA:28,2
LF:18
LH:18
end_of_record
TN:
SF:src/services/metadata.service.ts
FNF:6
FNH:6
DA:3,53
DA:4,75
DA:6,111
DA:9,52
DA:10,47
DA:11,43
DA:14,71
DA:15,67
DA:17,31
DA:18,8
DA:19,13
DA:20,3
DA:21,62
DA:22,21
DA:23,14
DA:24,53
DA:25,52
DA:26,1
DA:27,2
DA:29,59
DA:30,74
DA:31,15
DA:32,58
DA:33,2
DA:35,45
DA:36,42
DA:38,66
DA:40,12
DA:41,31
DA:42,29
DA:43,3
DA:46,54
DA:47,59
DA:48,67
DA:49,117
DA:51,47
DA:53,38
DA:54,39
DA:55,2
DA:57,50
DA:59,17
DA:60,52
DA:61,2
DA:63,78
DA:65,92
DA:67,12
DA:68,20
DA:69,15
DA:70,14
DA:71,21
DA:72,21
DA:73,22
DA:74,31
DA:75,8
DA:76,2
LF:55
LH:55
end_of_record
TN:
SF:src/services/transcode/helpers/audio.ts
FNF:4
FNH:4
DA:3,41
DA:4,82
DA:6,48
DA:8,41
DA:10,52
DA:12,44
DA:13,23
DA:14,7
DA:15,76
DA:16,65
DA:17,37
DA:18,23
DA:19,3
DA:20,4
DA:22,64
DA:23,98
DA:24,2
DA:26,35
DA:27,98
DA:28,2
DA:30,18
DA:33,71
DA:34,46
DA:35,74
DA:36,30
DA:37,18
DA:38,2
DA:39,2
DA:40,11
DA:43,26
DA:44,8
DA:45,13
DA:46,18
DA:47,18
DA:48,15
DA:49,3
DA:50,50
DA:51,29
DA:53,50
DA:55,57
DA:56,48
DA:57,26
DA:58,135
DA:59,2
DA:61,94
DA:63,52
DA:64,75
DA:65,24
DA:66,2
DA:68,37
DA:71,34
DA:72,14
DA:73,18
DA:74,15
DA:75,3
DA:76,30
DA:77,0
DA:78,2
DA:80,21
DA:81,28
DA:82,33
DA:84,51
DA:86,46
DA:87,87
DA:89,33
DA:90,52
DA:91,21
DA:92,15
DA:93,6
DA:94,114
DA:95,39
DA:96,31
DA:98,35
DA:99,27
DA:100,4
DA:101,2
DA:102,2
DA:104,38
DA:105,40
DA:106,2
DA:108,56
DA:109,23
DA:110,2
DA:112,34
LF:84
LH:83
end_of_record
TN:
SF:src/services/transcode/helpers/post_process.ts
FNF:9
FNH:7
DA:1,72
DA:2,42
DA:9,41
DA:10,53
DA:11,49
DA:13,42
DA:14,32
DA:16,14
DA:18,61
DA:20,31
DA:21,0
DA:22,2
DA:24,43
DA:26,62
DA:28,15
DA:29,0
DA:30,0
DA:31,0
DA:32,2
DA:34,63
DA:35,77
DA:37,79
DA:38,79
DA:40,59
DA:41,0
DA:42,11
DA:43,17
DA:44,32
DA:45,74
DA:46,4
DA:49,46
DA:52,37
DA:53,11
DA:54,5
DA:55,13
DA:56,14
DA:62,3
DA:63,9
DA:64,44
DA:66,61
DA:67,52
DA:68,50
DA:70,33
DA:71,67
DA:72,66
DA:74,22
DA:75,105
DA:76,6
DA:77,0
DA:79,0
DA:80,0
DA:81,0
DA:82,0
DA:83,0
DA:85,0
DA:86,0
DA:87,0
DA:88,0
DA:90,0
DA:91,0
DA:94,0
DA:95,0
DA:96,0
DA:97,0
DA:98,1
LF:65
LH:44
end_of_record
TN:
SF:src/services/transcode/helpers/subtitle.ts
FNF:2
FNH:2
DA:3,41
DA:6,41
DA:8,50
DA:10,20
DA:11,5
DA:12,7
DA:13,33
DA:14,21
DA:15,44
DA:16,6
DA:17,7
DA:18,26
DA:19,21
DA:20,44
DA:21,6
DA:22,63
DA:23,4
DA:24,5
DA:25,7
DA:26,33
DA:27,21
DA:28,44
DA:29,6
DA:30,7
DA:31,26
DA:32,21
DA:33,44
DA:34,3
DA:35,2
DA:36,2
DA:38,89
DA:39,29
DA:40,67
DA:41,9
DA:42,2
DA:44,32
DA:46,38
DA:47,40
DA:48,82
DA:49,41
DA:50,61
DA:52,32
DA:53,38
DA:54,48
DA:55,11
DA:57,34
DA:58,5
DA:59,4
DA:60,2
DA:61,2
DA:63,60
DA:65,23
LF:52
LH:52
end_of_record
TN:
SF:src/services/transcode/helpers/utils.ts
FNF:4
FNH:4
DA:16,56
DA:17,37
DA:18,42
DA:19,2
DA:21,7
DA:22,48
DA:23,115
DA:24,127
DA:28,36
DA:29,15
DA:30,16
DA:31,36
DA:33,31
DA:34,37
DA:35,17
DA:36,34
DA:37,2
DA:38,12
LF:18
LH:18
end_of_record
TN:
SF:src/services/transcode/helpers/video.ts
FNF:1
FNH:1
DA:3,41
DA:4,62
DA:6,66
DA:7,21
DA:8,28
DA:10,35
DA:11,33
DA:12,2
DA:14,33
DA:16,58
DA:17,148
DA:18,114
DA:19,13
DA:20,43
DA:21,31
DA:23,2
DA:25,33
DA:26,0
DA:27,2
DA:29,56
DA:30,23
DA:31,2
DA:33,34
LF:23
LH:22
end_of_record
TN:
SF:src/services/transcode/transcode.service.ts
FNF:13
FNH:11
DA:5,82
DA:6,106
DA:7,116
DA:8,118
DA:10,108
DA:11,122
DA:12,120
DA:13,90
DA:14,108
DA:17,31
DA:18,26
DA:19,46
DA:20,25
DA:22,29
DA:23,73
DA:24,71
DA:25,9
DA:27,50
DA:28,190
DA:30,61
DA:31,58
DA:32,9
DA:35,15
DA:39,10
DA:40,28
DA:41,68
DA:42,76
DA:43,68
DA:44,14
DA:47,28
DA:48,106
DA:49,11
DA:50,9
DA:52,58
DA:54,73
DA:55,74
DA:57,37
DA:58,24
DA:59,13
DA:61,56
DA:63,26
DA:64,290
DA:66,174
DA:67,40
DA:68,55
DA:69,17
DA:71,138
DA:73,115
DA:74,196
DA:76,208
DA:77,38
DA:78,72
DA:79,74
DA:80,30
DA:81,22
DA:82,17
DA:84,92
DA:85,144
DA:86,170
DA:87,152
DA:89,74
DA:90,58
DA:91,42
DA:92,74
DA:93,64
DA:94,20
DA:95,23
DA:96,50
DA:97,18
DA:98,77
DA:100,9
DA:102,60
DA:104,2
DA:106,98
DA:109,144
DA:110,126
DA:111,102
DA:113,160
DA:114,160
DA:115,172
DA:117,84
DA:118,146
DA:120,34
DA:121,45
DA:122,5
DA:124,66
DA:125,56
DA:127,136
DA:128,78
DA:129,66
DA:130,23
DA:131,5
DA:133,172
DA:134,78
DA:135,71
DA:136,46
DA:137,5
DA:139,210
DA:140,79
DA:141,46
DA:142,5
DA:144,59
DA:145,46
DA:146,5
DA:148,47
DA:149,79
DA:150,7
DA:154,168
DA:155,198
DA:157,53
DA:158,64
DA:159,60
DA:160,22
DA:161,18
DA:162,34
DA:163,32
DA:164,52
DA:165,40
DA:166,14
DA:167,25
DA:168,5
DA:169,29
LF:122
LH:122
end_of_record
TN:
SF:src/types/iso_codes.ts
FNF:1
FNH:1
DA:1,51
DA:4,22
DA:5,7
DA:6,7
DA:7,7
DA:8,7
DA:9,7
DA:10,7
DA:11,7
DA:12,7
DA:13,7
DA:14,7
DA:15,7
DA:16,7
DA:17,7
DA:18,7
DA:19,7
DA:20,7
DA:21,7
DA:22,7
DA:23,7
DA:24,7
DA:25,7
DA:26,7
DA:27,7
DA:28,7
DA:29,7
DA:30,7
DA:31,7
DA:32,7
DA:33,7
DA:34,7
DA:35,7
DA:36,7
DA:37,7
DA:38,7
DA:39,7
DA:40,7
DA:41,7
DA:42,7
DA:43,7
DA:44,7
DA:45,7
DA:46,7
DA:47,7
DA:48,7
DA:49,7
DA:50,7
DA:51,7
DA:52,7
DA:53,7
DA:54,7
DA:55,7
DA:56,7
DA:57,7
DA:58,7
DA:59,7
DA:60,7
DA:61,7
DA:62,7
DA:63,7
DA:64,7
DA:65,7
DA:66,7
DA:67,7
DA:68,7
DA:69,7
DA:70,7
DA:71,7
DA:72,7
DA:73,7
DA:74,7
DA:75,7
DA:76,7
DA:77,7
DA:78,7
DA:79,7
DA:80,7
DA:81,7
DA:82,7
DA:83,7
DA:84,7
DA:85,7
DA:86,7
DA:87,7
DA:88,7
DA:89,7
DA:90,7
DA:91,7
DA:92,7
DA:93,7
DA:94,7
DA:95,7
DA:96,7
DA:97,7
DA:98,7
DA:99,7
DA:100,7
DA:101,7
DA:102,7
DA:103,7
DA:104,7
DA:105,7
DA:106,7
DA:107,7
DA:108,7
DA:109,7
DA:110,7
DA:111,7
DA:112,7
DA:113,7
DA:114,7
DA:115,7
DA:116,7
DA:117,7
DA:118,7
DA:119,7
DA:120,7
DA:121,7
DA:122,7
DA:123,7
DA:124,7
DA:125,7
DA:126,7
DA:127,7
DA:128,7
DA:129,7
DA:130,7
DA:131,7
DA:132,7
DA:133,7
DA:134,7
DA:135,7
DA:136,7
DA:137,7
DA:138,7
DA:139,7
DA:140,7
DA:141,7
DA:142,7
DA:143,7
DA:144,7
DA:145,7
DA:146,7
DA:147,7
DA:148,7
DA:149,7
DA:150,7
DA:151,7
DA:152,7
DA:153,7
DA:154,7
DA:155,7
DA:156,7
DA:157,7
DA:158,7
DA:159,7
DA:160,7
DA:161,7
DA:162,7
DA:163,7
DA:164,7
DA:165,7
DA:166,7
DA:167,7
DA:168,7
DA:169,7
DA:170,7
DA:171,7
DA:172,7
DA:173,7
DA:174,7
DA:175,7
DA:176,7
DA:177,7
DA:178,7
DA:179,7
DA:180,7
DA:181,7
DA:182,7
DA:183,7
DA:184,7
DA:185,7
DA:186,7
DA:187,7
DA:188,5
DA:189,2
DA:192,23
DA:193,8
DA:194,8
DA:195,8
DA:196,8
DA:197,8
DA:198,8
DA:199,8
DA:200,8
DA:201,8
DA:202,8
DA:203,8
DA:204,8
DA:205,8
DA:206,8
DA:207,8
DA:208,8
DA:209,8
DA:210,8
DA:211,8
DA:212,8
DA:213,8
DA:214,8
DA:215,8
DA:216,8
DA:217,8
DA:218,8
DA:219,8
DA:220,8
DA:221,8
DA:222,8
DA:223,8
DA:224,8
DA:225,8
DA:226,8
DA:227,8
DA:228,8
DA:229,8
DA:230,8
DA:231,8
DA:232,8
DA:233,8
DA:234,8
DA:235,8
DA:236,8
DA:237,8
DA:238,8
DA:239,8
DA:240,8
DA:241,8
DA:242,8
DA:243,8
DA:244,8
DA:245,8
DA:246,8
DA:247,8
DA:248,8
DA:249,8
DA:250,8
DA:251,8
DA:252,8
DA:253,8
DA:254,8
DA:255,8
DA:256,8
DA:257,8
DA:258,8
DA:259,8
DA:260,8
DA:261,8
DA:262,8
DA:263,8
DA:264,8
DA:265,8
DA:266,8
DA:267,8
DA:268,8
DA:269,8
DA:270,8
DA:271,8
DA:272,8
DA:273,8
DA:274,8
DA:275,8
DA:276,8
DA:277,8
DA:278,8
DA:279,8
DA:280,8
DA:281,8
DA:282,8
DA:283,8
DA:284,8
DA:285,8
DA:286,8
DA:287,8
DA:288,8
DA:289,8
DA:290,8
DA:291,8
DA:292,8
DA:293,8
DA:294,8
DA:295,8
DA:296,8
DA:297,8
DA:298,8
DA:299,8
DA:300,8
DA:301,8
DA:302,8
DA:303,8
DA:304,8
DA:305,8
DA:306,8
DA:307,8
DA:308,8
DA:309,8
DA:310,8
DA:311,8
DA:312,8
DA:313,8
DA:314,8
DA:315,8
DA:316,8
DA:317,8
DA:318,8
DA:319,8
DA:320,8
DA:321,8
DA:322,8
DA:323,8
DA:324,8
DA:325,8
DA:326,8
DA:327,8
DA:328,8
DA:329,8
DA:330,8
DA:331,8
DA:332,8
DA:333,8
DA:334,8
DA:335,8
DA:336,8
DA:337,8
DA:338,8
DA:339,8
DA:340,8
DA:341,8
DA:342,8
DA:343,8
DA:344,8
DA:345,8
DA:346,8
DA:347,8
DA:348,8
DA:349,8
DA:350,8
DA:351,8
DA:352,8
DA:353,8
DA:354,8
DA:355,8
DA:356,8
DA:357,8
DA:358,8
DA:359,8
DA:360,8
DA:361,8
DA:362,8
DA:363,8
DA:364,8
DA:365,8
DA:366,8
DA:367,8
DA:368,8
DA:369,8
DA:370,8
DA:371,8
DA:372,8
DA:373,8
DA:374,8
DA:375,8
DA:376,6
DA:377,2
DA:381,23
DA:382,8
DA:383,8
DA:384,8
DA:385,8
DA:386,8
DA:387,8
DA:388,8
DA:389,8
DA:390,8
DA:391,8
DA:392,8
DA:393,8
DA:394,8
DA:395,8
DA:396,8
DA:397,8
DA:398,8
DA:399,8
DA:400,8
DA:401,6
DA:402,2
DA:405,30
DA:406,13
DA:407,13
DA:408,13
DA:409,13
DA:410,13
DA:411,13
DA:412,13
DA:413,13
DA:414,13
DA:415,13
DA:416,13
DA:417,13
DA:418,13
DA:419,13
DA:420,13
DA:421,13
DA:422,13
DA:423,13
DA:424,13
DA:425,11
DA:426,2
DA:428,60
DA:437,29
DA:438,12
DA:439,12
DA:440,12
DA:441,12
DA:442,12
DA:443,12
DA:444,12
DA:445,12
DA:446,12
DA:447,12
DA:448,12
DA:449,12
DA:450,12
DA:451,12
DA:452,12
DA:453,12
DA:454,12
DA:455,12
DA:456,12
DA:457,12
DA:458,12
DA:459,12
DA:460,12
DA:461,12
DA:462,12
DA:463,12
DA:464,12
DA:465,12
DA:466,12
DA:467,12
DA:468,12
DA:469,12
DA:470,12
DA:471,12
DA:472,12
DA:473,12
DA:474,12
DA:475,12
DA:476,12
DA:477,12
DA:478,12
DA:479,12
DA:480,12
DA:481,12
DA:482,12
DA:483,12
DA:484,12
DA:485,12
DA:486,12
DA:487,12
DA:488,12
DA:489,12
DA:490,12
DA:491,12
DA:492,12
DA:493,12
DA:494,12
DA:495,12
DA:496,12
DA:497,12
DA:498,12
DA:499,12
DA:500,12
DA:501,12
DA:502,12
DA:503,12
DA:504,12
DA:505,12
DA:506,12
DA:507,12
DA:508,12
DA:509,12
DA:510,12
DA:511,12
DA:512,12
DA:513,12
DA:514,12
DA:515,12
DA:516,12
DA:517,12
DA:518,12
DA:519,12
DA:520,12
DA:521,12
DA:522,12
DA:523,12
DA:524,12
DA:525,12
DA:526,12
DA:527,12
DA:528,12
DA:529,12
DA:530,12
DA:531,12
DA:532,12
DA:533,12
DA:534,12
DA:535,12
DA:536,12
DA:537,12
DA:538,12
DA:539,12
DA:540,12
DA:541,12
DA:542,12
DA:543,12
DA:544,12
DA:545,12
DA:546,12
DA:547,12
DA:548,12
DA:549,12
DA:550,12
DA:551,12
DA:552,12
DA:553,12
DA:554,12
DA:555,12
DA:556,12
DA:557,12
DA:558,12
DA:559,12
DA:560,12
DA:561,12
DA:562,12
DA:563,12
DA:564,12
DA:565,12
DA:566,12
DA:567,12
DA:568,12
DA:569,12
DA:570,12
DA:571,12
DA:572,12
DA:573,12
DA:574,12
DA:575,12
DA:576,12
DA:577,12
DA:578,12
DA:579,12
DA:580,12
DA:581,12
DA:582,12
DA:583,12
DA:584,12
DA:585,12
DA:586,12
DA:587,12
DA:588,12
DA:589,12
DA:590,12
DA:591,12
DA:592,12
DA:593,12
DA:594,12
DA:595,12
DA:596,12
DA:597,12
DA:598,12
DA:599,12
DA:600,12
DA:601,12
DA:602,12
DA:603,12
DA:604,12
DA:605,12
DA:606,12
DA:607,12
DA:608,12
DA:609,12
DA:610,12
DA:611,12
DA:612,12
DA:613,12
DA:614,12
DA:615,12
DA:616,12
DA:617,12
DA:618,12
DA:619,12
DA:620,12
DA:621,10
DA:622,2
DA:625,28
DA:626,12
DA:627,12
DA:628,12
DA:629,12
DA:630,12
DA:631,12
DA:632,12
DA:633,12
DA:634,12
DA:635,12
DA:636,12
DA:637,12
DA:638,12
DA:639,12
DA:640,12
DA:641,12
DA:642,12
DA:643,12
DA:644,12
DA:645,12
DA:646,12
DA:647,12
DA:648,12
DA:649,12
DA:650,12
DA:651,12
DA:652,12
DA:653,12
DA:654,12
DA:655,12
DA:656,12
DA:657,12
DA:658,12
DA:659,12
DA:660,12
DA:661,12
DA:662,12
DA:663,12
DA:664,12
DA:665,12
DA:666,12
DA:667,12
DA:668,12
DA:669,12
DA:670,12
DA:671,12
DA:672,12
DA:673,12
DA:674,12
DA:675,12
DA:676,12
DA:677,12
DA:678,12
DA:679,12
DA:680,12
DA:681,12
DA:682,12
DA:683,12
DA:684,12
DA:685,12
DA:686,12
DA:687,12
DA:688,12
DA:689,12
DA:690,12
DA:691,12
DA:692,12
DA:693,12
DA:694,12
DA:695,12
DA:696,12
DA:697,12
DA:698,12
DA:699,12
DA:700,12
DA:701,12
DA:702,12
DA:703,12
DA:704,12
DA:705,12
DA:706,12
DA:707,12
DA:708,12
DA:709,12
DA:710,12
DA:711,12
DA:712,12
DA:713,12
DA:714,12
DA:715,12
DA:716,12
DA:717,12
DA:718,12
DA:719,12
DA:720,12
DA:721,12
DA:722,12
DA:723,12
DA:724,12
DA:725,12
DA:726,12
DA:727,12
DA:728,12
DA:729,12
DA:730,12
DA:731,12
DA:732,12
DA:733,12
DA:734,12
DA:735,12
DA:736,12
DA:737,12
DA:738,12
DA:739,12
DA:740,12
DA:741,12
DA:742,12
DA:743,12
DA:744,12
DA:745,12
DA:746,12
DA:747,12
DA:748,12
DA:749,12
DA:750,12
DA:751,12
DA:752,12
DA:753,12
DA:754,12
DA:755,12
DA:756,12
DA:757,12
DA:758,12
DA:759,12
DA:760,12
DA:761,12
DA:762,12
DA:763,12
DA:764,12
DA:765,12
DA:766,12
DA:767,12
DA:768,12
DA:769,12
DA:770,12
DA:771,12
DA:772,12
DA:773,12
DA:774,12
DA:775,12
DA:776,12
DA:777,12
DA:778,12
DA:779,12
DA:780,12
DA:781,12
DA:782,12
DA:783,12
DA:784,12
DA:785,12
DA:786,12
DA:787,12
DA:788,12
DA:789,12
DA:790,12
DA:791,12
DA:792,12
DA:793,12
DA:794,12
DA:795,12
DA:796,12
DA:797,12
DA:798,12
DA:799,12
DA:800,12
DA:801,12
DA:802,12
DA:803,12
DA:804,12
DA:805,12
DA:806,12
DA:807,12
DA:808,12
DA:809,12
DA:810,12
DA:811,12
DA:812,12
DA:813,12
DA:814,12
DA:815,12
DA:816,12
DA:817,12
DA:818,12
DA:819,12
DA:820,12
DA:821,12
DA:822,12
DA:823,12
DA:824,12
DA:825,12
DA:826,12
DA:827,12
DA:828,12
DA:829,10
DA:830,1
LF:810
LH:810
end_of_record
TN:
SF:src/utils/array.ts
FNF:1
FNH:1
DA:1,62
LF:1
LH:1
end_of_record
TN:
SF:src/utils/error_handler.ts
FNF:3
FNH:3
DA:1,41
DA:3,48
DA:4,32
DA:5,37
DA:6,129
DA:7,40
DA:8,11
DA:9,53
DA:13,52
DA:14,9
DA:15,36
DA:16,19
DA:17,40
LF:13
LH:13
end_of_record
TN:
SF:src/utils/exec_promisify.ts
FNF:2
FNH:2
DA:1,57
DA:3,27
DA:4,9
DA:5,11
DA:6,16
DA:7,3
DA:8,48
DA:9,19
DA:10,22
DA:11,9
DA:12,5
DA:14,138
DA:16,19
DA:17,0
DA:18,2
DA:20,14
LF:16
LH:15
end_of_record
TN:
SF:src/utils/http_client.ts
FNF:10
FNH:9
DA:1,36
DA:3,42
DA:4,48
DA:5,54
DA:25,107
DA:26,44
DA:27,50
DA:28,55
DA:29,63
DA:31,34
DA:33,18
DA:34,47
DA:35,59
DA:36,46
DA:37,6
DA:38,41
DA:39,4
DA:41,13
DA:44,16
DA:45,8
DA:46,10
DA:47,16
DA:48,5
DA:49,62
DA:51,44
DA:53,17
DA:54,11
DA:55,37
DA:56,15
DA:57,23
DA:58,27
DA:59,15
DA:60,10
DA:61,48
DA:62,8
DA:63,21
DA:64,16
DA:65,18
DA:66,105
DA:67,5
DA:70,24
DA:71,42
DA:72,13
DA:73,40
DA:74,6
DA:78,99
DA:79,4
DA:81,22
DA:83,36
DA:84,4
DA:86,46
DA:88,35
DA:89,39
DA:90,56
DA:91,4
DA:93,37
DA:96,12
DA:97,54
DA:98,48
DA:99,52
DA:100,50
DA:101,45
DA:102,2
LF:63
LH:63
end_of_record
TN:
SF:src/utils/iso_codes.ts
FNF:2
FNH:2
DA:1,80
DA:3,36
DA:4,35
DA:10,42
DA:11,10
DA:12,0
DA:13,2
DA:15,39
DA:17,36
DA:18,16
DA:19,2
DA:21,40
DA:22,28
DA:23,2
DA:25,8
DA:33,38
DA:34,41
DA:36,45
DA:37,33
DA:38,2
DA:40,20
LF:21
LH:20
end_of_record
TN:
SF:src/utils/object.ts
FNF:6
FNH:6
DA:1,81
DA:3,74
DA:6,50
DA:8,37
DA:10,20
DA:12,43
DA:13,72
DA:15,35
LF:8
LH:8
end_of_record
TN:
SF:src/validators/ffmpeg.validator.ts
FNF:1
FNH:1
DA:1,31
DA:3,52
DA:5,45
DA:6,19
DA:7,26
DA:8,28
DA:9,28
DA:10,23
DA:11,43
DA:12,16
DA:13,56
DA:14,22
DA:15,3
DA:16,11
DA:17,2
LF:15
LH:15
end_of_record
TN:
SF:tests/config.ts
FNF:16
FNH:13
DA:1,60
DA:2,41
DA:3,44
DA:4,33
DA:6,53
DA:7,61
DA:9,63
DA:10,51
DA:11,55
DA:12,55
DA:13,51
DA:15,63
DA:16,51
DA:17,55
DA:18,55
DA:19,51
DA:21,63
DA:22,63
DA:23,75
DA:24,67
DA:25,67
DA:31,29
DA:32,19
DA:33,33
DA:34,27
DA:35,24
DA:36,32
DA:37,31
DA:38,36
DA:39,39
DA:40,36
DA:41,39
DA:42,32
DA:43,40
DA:44,36
DA:45,33
DA:46,3
DA:48,29
DA:50,42
DA:51,20
DA:52,67
DA:53,44
DA:54,50
DA:55,46
DA:56,71
DA:57,65
DA:58,4
DA:60,21
DA:61,22
DA:62,60
DA:63,44
DA:64,40
DA:65,4
DA:67,20
DA:68,45
DA:69,19
DA:70,51
DA:71,32
DA:72,2
DA:73,4
DA:75,17
DA:76,45
DA:77,13
DA:78,0
DA:79,4
DA:80,16
DA:84,71
LF:67
LH:66
end_of_record
TN:
SF:tests/mocks/cloudflare.mock.ts
FNF:10
FNH:9
DA:1,32
DA:5,67
DA:6,37
DA:7,41
DA:9,20
DA:10,7
DA:11,18
DA:14,15
DA:15,32
DA:18,25
DA:19,43
DA:22,25
DA:23,49
DA:25,1
LF:14
LH:14
end_of_record
TN:
SF:tests/mocks/plex.mock.ts
FNF:10
FNH:6
DA:1,32
DA:6,67
DA:8,38
DA:10,14
DA:11,16
DA:12,32
DA:15,0
DA:16,0
DA:17,0
DA:18,0
DA:19,0
DA:20,0
DA:21,0
DA:22,0
DA:23,0
DA:24,0
DA:25,1
DA:28,7
DA:29,0
DA:30,0
DA:31,0
DA:32,0
DA:33,1
DA:36,30
DA:37,46
DA:39,1
LF:26
LH:12
end_of_record
TN:
SF:tests/mocks/radarr.mock.ts
FNF:9
FNH:6
DA:1,32
DA:5,38
DA:6,47
DA:8,16
DA:9,7
DA:10,26
DA:13,16
DA:14,0
DA:15,0
DA:16,0
DA:17,0
DA:18,1
DA:21,18
DA:22,0
DA:23,0
DA:24,0
DA:25,0
DA:26,1
DA:28,1
LF:19
LH:11
end_of_record
TN:
SF:tests/mocks/sonarr.mock.ts
FNF:8
FNH:4
DA:1,32
DA:5,38
DA:6,47
DA:8,16
DA:9,7
DA:10,0
DA:11,0
DA:12,0
DA:13,0
DA:14,0
DA:15,0
DA:16,0
DA:17,0
DA:18,1
DA:21,18
DA:22,0
DA:23,0
DA:24,0
DA:25,0
DA:26,1
DA:28,1
LF:21
LH:9
end_of_record
TN:
SF:tests/mocks/tmdb.mock.ts
FNF:6
FNH:3
DA:4,45
DA:5,42
DA:6,36
DA:8,62
DA:9,42
DA:10,82
DA:11,0
DA:12,0
DA:13,0
DA:14,0
DA:15,0
DA:16,0
DA:17,0
DA:18,0
DA:19,13
DA:22,21
DA:23,52
DA:24,45
DA:26,1
LF:19
LH:11
end_of_record
TN:
SF:tests/resources/fixtures/cloudflare.fixtures.ts
FNF:1
FNH:1
DA:1,30
DA:2,88
DA:3,14
DA:4,2
DA:6,35
DA:7,88
DA:8,14
DA:9,2
DA:11,29
DA:12,13
DA:13,14
DA:14,2
DA:16,38
DA:17,90
DA:18,14
DA:19,1
LF:16
LH:16
end_of_record
TN:
SF:tests/resources/fixtures/media.fixtures.ts
FNF:1
FNH:1
DA:3,34
DA:4,5
DA:5,10
DA:6,24
DA:7,20
DA:8,15
DA:9,4
DA:10,5
DA:11,10
DA:12,24
DA:13,19
DA:14,15
DA:15,2
DA:16,2
DA:18,41
DA:19,5
DA:20,10
DA:21,24
DA:22,19
DA:23,15
DA:24,2
DA:25,2
DA:27,44
DA:28,5
DA:29,10
DA:30,24
DA:31,20
DA:32,15
DA:33,2
DA:34,2
DA:36,39
DA:37,5
DA:38,10
DA:39,24
DA:40,20
DA:41,15
DA:42,2
DA:43,2
DA:45,37
DA:46,5
DA:47,10
DA:48,24
DA:49,20
DA:50,15
DA:51,4
DA:52,5
DA:53,10
DA:54,24
DA:55,20
DA:56,15
DA:57,2
DA:58,1
LF:52
LH:52
end_of_record
TN:
SF:tests/resources/fixtures/plex.fixtures.ts
FNF:1
FNH:1
DA:3,30
DA:4,10
DA:5,33
DA:6,24
DA:7,14
DA:8,9
DA:9,17
DA:10,13
DA:11,52
DA:12,20
DA:13,20
DA:14,9
DA:15,7
DA:16,5
DA:17,6
DA:18,45
DA:19,21
DA:20,24
DA:21,18
DA:22,12
DA:23,4
DA:24,10
DA:25,34
DA:26,33
DA:27,24
DA:28,14
DA:29,9
DA:30,17
DA:31,13
DA:32,53
DA:33,20
DA:34,20
DA:35,9
DA:36,7
DA:37,5
DA:38,6
DA:39,28
DA:40,45
DA:41,21
DA:42,23
DA:43,20
DA:44,12
DA:45,4
DA:46,10
DA:47,33
DA:48,24
DA:49,14
DA:50,45
DA:51,21
DA:52,33
DA:53,18
DA:54,12
DA:55,4
DA:56,10
DA:57,33
DA:58,24
DA:59,14
DA:60,9
DA:61,17
DA:62,13
DA:63,49
DA:64,20
DA:65,20
DA:66,9
DA:67,7
DA:68,5
DA:69,6
DA:70,45
DA:71,21
DA:72,29
DA:73,18
DA:74,12
DA:75,2
DA:76,1
LF:74
LH:74
end_of_record
TN:
SF:tests/resources/fixtures/queue.fixtures.ts
FNF:1
FNH:1
DA:3,54
DA:4,14
DA:5,7
DA:6,23
DA:7,12
DA:8,26
DA:9,25
DA:10,11
DA:11,61
DA:12,22
DA:13,7
DA:14,8
DA:15,23
DA:16,3
DA:17,4
DA:18,16
DA:19,2
DA:21,53
DA:22,14
DA:23,7
DA:24,23
DA:25,12
DA:26,26
DA:27,25
DA:28,11
DA:29,85
DA:30,24
DA:31,7
DA:32,8
DA:33,23
DA:34,3
DA:35,4
DA:36,16
DA:37,2
DA:39,53
DA:40,14
DA:41,7
DA:42,66
DA:43,12
DA:44,24
DA:45,25
DA:46,23
DA:47,3
DA:48,4
DA:49,16
DA:50,2
DA:52,40
DA:53,14
DA:54,16
DA:55,2
DA:57,41
DA:58,14
DA:59,7
DA:60,23
DA:61,12
DA:62,26
DA:63,25
DA:64,23
DA:65,3
DA:66,4
DA:67,16
DA:68,1
LF:62
LH:62
end_of_record
TN:
SF:tests/resources/fixtures/tmdb.fixtures.ts
FNF:1
FNH:1
DA:3,36
DA:4,11
DA:5,32
DA:6,25
DA:7,4
DA:8,11
DA:9,1
LF:7
LH:7
end_of_record
